app/build/outputs/mapping/release/seeds.txt
com.palestine.roots.viewmodel.HomeViewModel$loadAllSites$1$1
com.palestine.roots.DaggerPalestineRootsApplication_HiltComponents_SingletonC$FragmentCBuilder
com.palestine.roots.data.local.PreferencesManager$toggleFavorite$2
com.palestine.roots.DaggerPalestineRootsApplication_HiltComponents_SingletonC$SingletonCImpl$SwitchingProvider
com.palestine.roots.ui.screens.ComposableSingletons$HomeScreenKt
com.palestine.roots.ui.screens.HomeScreenKt$ProvinceFilter$2
com.palestine.roots.data.repository.SiteRepository$getAllSites$1
com.palestine.roots.ui.screens.ComposableSingletons$MapScreenKt
com.palestine.roots.ui.screens.HomeScreenKt$LoadingState$2
com.palestine.roots.DaggerPalestineRootsApplication_HiltComponents_SingletonC$SingletonCImpl
com.palestine.roots.data.repository.SiteRepositoryImpl$getFavoriteSites$$inlined$map$1
com.palestine.roots.MainActivityKt$PalestineRootsApp$1$10
com.palestine.roots.ui.theme.ThemeKt
com.palestine.roots.ui.screens.MapScreenKt
com.palestine.roots.data.repository.SiteRepositoryImpl$searchSites$$inlined$map$1$2$1
com.palestine.roots.data.local.PreferencesManager$toggleDarkMode$2
com.palestine.roots.PalestineRootsApplication_HiltComponents$FragmentC
com.palestine.roots.PalestineRootsApplication_HiltComponents$ActivityCBuilderModule
com.palestine.roots.ui.screens.HomeScreenKt$SiteList$2$invoke$$inlined$items$default$1
com.palestine.roots.ui.screens.SiteDetailScreenKt$SiteDetailScreen$2$1$2
com.palestine.roots.ui.screens.HomeScreenKt$HomeScreen$1$1$1$1
com.palestine.roots.ui.screens.HomeScreenKt$SiteList$1
com.palestine.roots.MainActivityKt$PalestineRootsApp$1$4$1
com.palestine.roots.ui.screens.ComposableSingletons$MapScreenKt$lambda-3$1
com.palestine.roots.data.repository.SiteRepository
com.palestine.roots.ui.states.SiteUiState$Success
com.palestine.roots.MainActivityKt$PalestineRootsApp$1$3$1$1$1
com.palestine.roots.data.model.Site$Creator
com.palestine.roots.data.local.dao.SiteDao_Impl$9
com.palestine.roots.ui.states.SiteUiState$Error
com.palestine.roots.MainActivity$onCreate$1$2$1
com.palestine.roots.ui.screens.MapScreenKt$MapScreen$1
com.palestine.roots.ui.screens.ComposableSingletons$SiteDetailScreenKt$lambda-1$1
com.palestine.roots.MainActivityKt$PalestineRootsApp$1$4
com.palestine.roots.ui.screens.HomeScreenKt$SiteList$2$invoke$$inlined$items$default$3
com.palestine.roots.MainActivityKt$PalestineRootsApp$1$1$1$1$1
com.palestine.roots.PalestineRootsApplication_HiltComponents$ViewWithFragmentC$Builder
com.palestine.roots.ui.screens.HomeScreenKt$HomeScreen$1$1$2
com.palestine.roots.data.mapper.SiteMapperKt
com.palestine.roots.data.local.dao.SiteDao_Impl$10
com.palestine.roots.MainActivityKt$PalestineRootsApp$1$11
com.palestine.roots.ui.screens.HomeScreenKt$HomeScreen$2
com.palestine.roots.PalestineRootsApplication_HiltComponents$FragmentCBuilderModule
com.palestine.roots.ui.screens.ComposableSingletons$SiteDetailScreenKt
com.palestine.roots.MainActivityKt$PalestineRootsApp$1$1$1$2
com.palestine.roots.ui.screens.OnboardingScreenKt$OnboardingScreen$2
com.palestine.roots.PalestineRootsApplication_HiltComponents$ActivityC$Builder
com.palestine.roots.ui.screens.SiteDetailScreenKt$SiteDetailScreen$1$3
com.palestine.roots.viewmodel.HomeViewModel_HiltModules_KeyModule_ProvideFactory
com.palestine.roots.R
com.palestine.roots.data.repository.SiteRepositoryImpl$getSitesByCity$$inlined$map$1$2$1
com.palestine.roots.ui.screens.SplashScreenKt
com.palestine.roots.ui.screens.HomeScreenKt$SiteCard$2
com.palestine.roots.viewmodel.HomeViewModel
com.palestine.roots.ui.screens.ComposableSingletons$MapScreenKt$lambda-2$1
com.palestine.roots.ui.screens.HomeScreenKt$ProvinceFilter$1$1$1
com.palestine.roots.ui.screens.SiteDetailScreenKt$SiteDetailScreen$1$3$3
com.palestine.roots.ui.screens.ComposableSingletons$SiteDetailScreenKt$lambda-2$1
com.palestine.roots.ui.screens.SplashScreenKt$SplashScreen$3
com.palestine.roots.ui.screens.HomeScreenKt$SiteList$2$invoke$$inlined$items$default$2
...
com.google.android.gms.internal.measurement.zzfi$zzj: int zzaj
com.google.firebase.analytics.FirebaseAnalytics$Param: java.lang.String SHIPPING
com.google.apphosting.datastore.testing.DatastoreTestTrace$FirestoreV1Action$Listen: com.google.firestore.v1.ListenRequest request_
android.support.v4.os.ResultReceiver: android.os.Parcelable$Creator CREATOR
com.google.android.gms.internal.firebase-auth-api.zzaix: com.google.android.gms.internal.firebase-auth-api.zzaix zzr
com.google.android.recaptcha.internal.zzaw: com.google.android.recaptcha.internal.zzab zzf
coil.request.ImageRequest$Builder: android.graphics.ColorSpace colorSpace
com.google.android.gms.internal.measurement.zzaj: com.google.android.gms.internal.measurement.zzaq zza
com.google.api.Service: java.lang.String title_
com.google.firebase.R$style: int TextAppearance_Compat_Notification_Line2
com.google.firebase.firestore.core.Target: long NO_LIMIT
com.google.cloud.audit.AuthorizationInfo: int GRANTED_FIELD_NUMBER
com.google.android.recaptcha.internal.zzjf: com.google.android.recaptcha.internal.zzjf zzf
com.google.android.gms.internal.measurement.zzbv: com.google.android.gms.internal.measurement.zzbv zzao
com.google.firebase.firestore.local.SQLiteSchema: int MIGRATION_BATCH_SIZE
com.google.firebase.auth.internal.zzat: com.google.firebase.auth.internal.zzaq zza
com.google.android.gms.internal.firebase-auth-api.zzsh: com.google.android.gms.internal.firebase-auth-api.zzahm zzh
com.google.api.ContextRule: com.google.protobuf.Internal$ProtobufList allowedResponseExtensions_
com.google.firebase.firestore.proto.Target: com.google.protobuf.ByteString resumeToken_
com.google.firebase.installations.R$styleable: int ColorStateListItem_android_alpha
com.google.firebase.auth.FirebaseAuthUserCollisionException: java.lang.String zzb
com.google.firebase.database.collection.R$attr: int imageAspectRatioAdjust
com.google.firebase.firestore.remote.FirestoreChannel: com.google.firebase.firestore.auth.CredentialsProvider appCheckProvider
com.google.android.recaptcha.internal.zzpk: com.google.android.recaptcha.internal.zzpk zzb
com.google.firebase.installations.interop.R$styleable: int FontFamilyFont_android_fontStyle
com.google.firebase.firestore.util.ExponentialBackoff: com.google.firebase.firestore.util.AsyncQueue$DelayedTask timerTask
com.google.protobuf.Value: int STRUCT_VALUE_FIELD_NUMBER
coil.intercept.EngineInterceptor$fetch$1: java.lang.Object L$6
com.google.android.gms.internal.firebase-auth-api.zzxj: javax.crypto.SecretKey zzb
com.google.android.gms.fido.fido2.api.common.FidoAppIdExtension: android.os.Parcelable$Creator CREATOR
com.google.android.gms.internal.firebase-auth-api.zzwf: byte[] zzg
com.google.android.gms.internal.firebase-auth-api.zzyk: com.google.android.gms.internal.firebase-auth-api.zzacf zza
com.google.android.gms.internal.measurement.zzfr: android.net.Uri zza
com.google.firebase.firestore.remote.RemoteStore: java.util.Deque writePipeline
com.google.android.gms.internal.firebase-auth-api.zzjl: com.google.android.gms.internal.firebase-auth-api.zzjl$zzc zzb
com.google.firebase.database.collection.R$id: int notification_main_column_container
androidx.datastore.preferences.protobuf.Enum: androidx.datastore.preferences.protobuf.Enum DEFAULT_INSTANCE
com.google.cloud.audit.AuditLog: int RESPONSE_FIELD_NUMBER
com.google.android.gms.internal.location.zzew: int zzb
com.google.android.gms.internal.measurement.zzei: int zzd
com.google.firebase.FirebaseApp: java.lang.String LOG_TAG
com.google.android.gms.internal.firebase-auth-api.zzzd: com.google.android.gms.internal.firebase-auth-api.zzyl zzb
com.google.android.gms.internal.measurement.zzfi$zzg: int zze
com.google.android.gms.auth.api.identity.SignInPassword: android.os.Parcelable$Creator CREATOR
com.google.firebase.ktx.R$drawable: int notification_bg_normal_pressed
com.google.android.recaptcha.internal.zzmv: int[] zza
com.google.firebase.firestore.R$attr: int circleCrop