app/build/outputs/mapping/release/usage.txt
com.palestine.roots.DaggerPalestineRootsApplication_HiltComponents_SingletonC$ActivityCImpl$LazyClassKeyProvider:
    com.palestine.roots.viewmodel.HomeViewModel com_palestine_roots_viewmodel_HomeViewModel2
    private void <init>()
com.palestine.roots.DaggerPalestineRootsApplication_HiltComponents_SingletonC$FragmentCImpl:
    public dagger.hilt.android.internal.lifecycle.DefaultViewModelFactories$InternalFactoryFactory getHiltInternalFactoryFactory()
com.palestine.roots.DaggerPalestineRootsApplication_HiltComponents_SingletonC$SingletonCImpl:
    public java.util.Set getDisableFragmentGetContextFix()
com.palestine.roots.DaggerPalestineRootsApplication_HiltComponents_SingletonC$ViewModelCImpl$LazyClassKeyProvider:
    com.palestine.roots.viewmodel.HomeViewModel com_palestine_roots_viewmodel_HomeViewModel2
    private void <init>()
com.palestine.roots.DaggerPalestineRootsApplication_HiltComponents_SingletonC:
    private void <init>()
com.palestine.roots.Hilt_MainActivity:
    void <init>(int)
    public synthetic bridge dagger.hilt.internal.GeneratedComponentManager componentManager()
com.palestine.roots.Hilt_PalestineRootsApplication:
    public synthetic bridge dagger.hilt.internal.GeneratedComponentManager componentManager()
com.palestine.roots.MainActivity:
    public static final int $stable
com.palestine.roots.PalestineRootsApplication:
    public static final int $stable
com.palestine.roots.PalestineRootsApplication_ComponentTreeDeps:
    public void <init>()
com.palestine.roots.PalestineRootsApplication_HiltComponents$ActivityCBuilderModule:
    public abstract dagger.hilt.android.internal.builders.ActivityComponentBuilder bind(com.palestine.roots.PalestineRootsApplication_HiltComponents$ActivityC$Builder)
com.palestine.roots.PalestineRootsApplication_HiltComponents$ActivityRetainedCBuilderModule:
    public abstract dagger.hilt.android.internal.builders.ActivityRetainedComponentBuilder bind(com.palestine.roots.PalestineRootsApplication_HiltComponents$ActivityRetainedC$Builder)
com.palestine.roots.PalestineRootsApplication_HiltComponents$FragmentCBuilderModule:
    public abstract dagger.hilt.android.internal.builders.FragmentComponentBuilder bind(com.palestine.roots.PalestineRootsApplication_HiltComponents$FragmentC$Builder)
com.palestine.roots.PalestineRootsApplication_HiltComponents$ServiceCBuilderModule:
    public abstract dagger.hilt.android.internal.builders.ServiceComponentBuilder bind(com.palestine.roots.PalestineRootsApplication_HiltComponents$ServiceC$Builder)
com.palestine.roots.PalestineRootsApplication_HiltComponents$ViewCBuilderModule:
    public abstract dagger.hilt.android.internal.builders.ViewComponentBuilder bind(com.palestine.roots.PalestineRootsApplication_HiltComponents$ViewC$Builder)
com.palestine.roots.PalestineRootsApplication_HiltComponents$ViewModelCBuilderModule:
    public abstract dagger.hilt.android.internal.builders.ViewModelComponentBuilder bind(com.palestine.roots.PalestineRootsApplication_HiltComponents$ViewModelC$Builder)
com.palestine.roots.PalestineRootsApplication_HiltComponents$ViewWithFragmentCBuilderModule:
    public abstract dagger.hilt.android.internal.builders.ViewWithFragmentComponentBuilder bind(com.palestine.roots.PalestineRootsApplication_HiltComponents$ViewWithFragmentC$Builder)
com.palestine.roots.PalestineRootsApplication_HiltComponents:
    private void <init>()
...
androidx.collection.LongListKt:
    public static final androidx.collection.LongList emptyLongList()
    public static final androidx.collection.LongList longListOf()
    public static final androidx.collection.LongList longListOf(long)
    public static final androidx.collection.LongList longListOf(long,long)
    public static final androidx.collection.LongList longListOf(long,long,long)
    public static final varargs androidx.collection.LongList longListOf(long[])
    public static final androidx.collection.MutableLongList mutableLongListOf()
    public static final androidx.collection.MutableLongList mutableLongListOf(long)
    public static final androidx.collection.MutableLongList mutableLongListOf(long,long)
    public static final androidx.collection.MutableLongList mutableLongListOf(long,long,long)
    public static final varargs androidx.collection.MutableLongList mutableLongListOf(long[])
androidx.collection.LongLongMap:
    public final boolean all(kotlin.jvm.functions.Function2)
    public final boolean any()
    public final boolean any(kotlin.jvm.functions.Function2)
    public final boolean contains(long)
    public final boolean containsKey(long)
    public final boolean containsValue(long)
    public final int count()
    public final int count(kotlin.jvm.functions.Function2)
    public final void forEach(kotlin.jvm.functions.Function2)
    public final void forEachIndexed(kotlin.jvm.functions.Function1)
    public final void forEachKey(kotlin.jvm.functions.Function1)
    public final void forEachValue(kotlin.jvm.functions.Function1)
    public static synthetic void getKeys$annotations()
    public static synthetic void getMetadata$annotations()
    public final long getOrDefault(long,long)
    public final long getOrElse(long,kotlin.jvm.functions.Function0)
    public static synthetic void getValues$annotations()
    public static synthetic void get_capacity$collection$annotations()
    public static synthetic void get_size$collection$annotations()
    public final boolean isNotEmpty()
    public final java.lang.String joinToString()
    public final java.lang.String joinToString(java.lang.CharSequence)
    public final java.lang.String joinToString(java.lang.CharSequence,java.lang.CharSequence)
    public final java.lang.String joinToString(java.lang.CharSequence,java.lang.CharSequence,java.lang.CharSequence)
androidx.collection.LongLongMapKt:
    public static final androidx.collection.LongLongMap emptyLongLongMap()
    public static final androidx.collection.LongLongMap longLongMapOf()
    public static final androidx.collection.LongLongMap longLongMapOf(long,long)
    public static final androidx.collection.LongLongMap longLongMapOf(long,long,long,long)
    public static final androidx.collection.LongLongMap longLongMapOf(long,long,long,long,long,long)
    public static final androidx.collection.LongLongMap longLongMapOf(long,long,long,long,long,long,long,long)
    public static final androidx.collection.LongLongMap longLongMapOf(long,long,long,long,long,long,long,long,long,long)
    public static final androidx.collection.MutableLongLongMap mutableLongLongMapOf()
    public static final androidx.collection.MutableLongLongMap mutableLongLongMapOf(long,long)
    public static final androidx.collection.MutableLongLongMap mutableLongLongMapOf(long,long,long,long)
    public static final androidx.collection.MutableLongLongMap mutableLongLongMapOf(long,long,long,long,long,long)
    public static final androidx.collection.MutableLongLongMap mutableLongLongMapOf(long,long,long,long,long,long,long,long)
    public static final androidx.collection.MutableLongLongMap mutableLongLongMapOf(long,long,long,long,long,long,long,long,long,long)
androidx.collection.LongLongPair:
    public void <init>(long,long)
    public final long component1()
    public final long component2()
    public final long getFirst()
    public final long getSecond()